<?xml version="1.0" encoding="UTF-8"?>
<!-- Generated by org.testng.reporters.JUnitReportReporter -->
<testsuite hostname="Sathu_saikiran" failures="0" tests="1" name="com.orangeHr.testCases.TC_AddNatioanlities_003" time="30.951" errors="0" timestamp="2023-05-24T13:48:49 IST" skipped="0">
  <testcase classname="com.orangeHr.testCases.TC_AddNatioanlities_003" name="addNationality" time="30.951"/>
  <system-out/>
</testsuite> <!-- com.orangeHr.testCases.TC_AddNatioanlities_003 -->
