<?xml version="1.0" encoding="UTF-8"?>
<!-- Generated by org.testng.reporters.JUnitReportReporter -->
<testsuite skipped="0" hostname="Sathu_saikiran" name="com.orangeHr.testCases.TC_LoginTest_001" tests="1" failures="0" timestamp="2023-05-22T13:15:31 IST" time="3.322" errors="0">
  <testcase name="loginTest" time="3.322" classname="com.orangeHr.testCases.TC_LoginTest_001"/>
  <system-out/>
</testsuite> <!-- com.orangeHr.testCases.TC_LoginTest_001 -->
