<?xml version="1.0" encoding="UTF-8"?>
<!-- Generated by org.testng.reporters.JUnitReportReporter -->
<testsuite hostname="Sathu_saikiran" failures="0" tests="1" name="com.orangeHr.testCases.TC_LoginTest_001" time="4.610" errors="0" timestamp="2023-05-23T14:07:42 IST" skipped="0">
  <testcase classname="com.orangeHr.testCases.TC_LoginTest_001" name="loginTest" time="4.610"/>
  <system-out/>
</testsuite> <!-- com.orangeHr.testCases.TC_LoginTest_001 -->
